<?xml version="1.0" encoding="UTF-8"?>
<!-- Generated by org.testng.reporters.JUnitReportReporter -->
<testsuite hostname="DESKTOP-P27CLIA" failures="0" tests="1" name="com.crm.Sdet.product.CreateProductTest" time="22.698" errors="0" timestamp="2022-08-11T22:27:12 IST" skipped="0">
  <testcase classname="com.crm.Sdet.product.CreateProductTest" name="CreateProduct" time="22.698"/>
  <system-out/>
</testsuite> <!-- com.crm.Sdet.product.CreateProductTest -->
