<?xml version="1.0" encoding="UTF-8"?>
<!-- Generated by org.testng.reporters.JUnitReportReporter -->
<testsuite hostname="DESKTOP-P27CLIA" failures="0" tests="1" name="com.crm.Sdet.product.Createanddeleteproduct" time="30.396" errors="0" timestamp="2022-08-09T12:34:47 IST" skipped="0">
  <testcase classname="com.crm.Sdet.product.Createanddeleteproduct" name="Createanddeleteproduct" time="30.396"/>
  <system-out/>
</testsuite> <!-- com.crm.Sdet.product.Createanddeleteproduct -->
