<?xml version="1.0" encoding="UTF-8"?>
<!-- Generated by org.testng.reporters.JUnitReportReporter -->
<testsuite hostname="DESKTOP-P27CLIA" failures="0" tests="1" name="com.crm.Sdet.product.CreateanddeleteproductTest" time="25.326" errors="0" timestamp="2022-08-11T22:19:09 IST" skipped="0">
  <testcase classname="com.crm.Sdet.product.CreateanddeleteproductTest" name="Createanddeleteproduct" time="25.326"/>
  <system-out/>
</testsuite> <!-- com.crm.Sdet.product.CreateanddeleteproductTest -->
