<?xml version="1.0" encoding="UTF-8"?>
<!-- Generated by org.testng.reporters.JUnitReportReporter -->
<testsuite hostname="DESKTOP-P27CLIA" failures="0" tests="1" name="com.crm.Sdet.organization.CreateOrganization1" time="37.624" errors="0" timestamp="2022-08-09T14:38:22 IST" skipped="0">
  <testcase classname="com.crm.Sdet.organization.CreateOrganization1" name="CreateOrganization1" time="37.624"/>
  <system-out/>
</testsuite> <!-- com.crm.Sdet.organization.CreateOrganization1 -->
