<?xml version="1.0" encoding="UTF-8"?>
<!-- Generated by org.testng.reporters.JUnitReportReporter -->
<testsuite hostname="DESKTOP-P27CLIA" failures="0" tests="5" name="Practice1.Dataproviderpgm" time="0.030" errors="0" timestamp="03 Aug 2022 09:48:06 GMT" skipped="0">
  <testcase classname="Practice1.Dataproviderpgm" name="bookTicket" time="0.002"/>
  <testcase classname="Practice1.Dataproviderpgm" name="bookTicket" time="0.003"/>
  <testcase classname="Practice1.Dataproviderpgm" name="bookTicket" time="0.003"/>
  <testcase classname="Practice1.Dataproviderpgm" name="bookTicket" time="0.002"/>
  <testcase classname="Practice1.Dataproviderpgm" name="bookTicket" time="0.020"/>
</testsuite> <!-- Practice1.Dataproviderpgm -->
