<?xml version="1.0" encoding="UTF-8"?>
<!-- Generated by org.testng.reporters.JUnitReportReporter -->
<testsuite hostname="DESKTOP-P27CLIA" failures="0" tests="2" name="Practice1.Sample" time="0.018" errors="0" timestamp="2022-08-11T20:13:12 IST" skipped="0">
  <testcase classname="Practice1.Sample" name="modifyContact" time="0.002"/>
  <system-out/>
  <testcase classname="Practice1.Sample" name="createContact" time="0.016"/>
  <system-out/>
</testsuite> <!-- Practice1.Sample -->
