<?xml version="1.0" encoding="UTF-8"?>
<!-- Generated by org.testng.reporters.JUnitReportReporter -->
<testsuite hostname="DESKTOP-P27CLIA" failures="0" tests="1" name="com.crm.Sdet.campaign.CreatecampaignTest" time="41.297" errors="0" timestamp="2022-08-11T22:04:21 IST" skipped="0">
  <testcase classname="com.crm.Sdet.campaign.CreatecampaignTest" name="Createcampaign" time="41.297"/>
  <system-out/>
</testsuite> <!-- com.crm.Sdet.campaign.CreatecampaignTest -->
