<?xml version="1.0" encoding="UTF-8"?>
<!-- Generated by org.testng.reporters.JUnitReportReporter -->
<testsuite hostname="DESKTOP-P27CLIA" failures="0" tests="1" name="com.crm.Sdet.campaign.CreatecampproductTest" time="64.343" errors="0" timestamp="2022-08-11T20:57:01 IST" skipped="0">
  <testcase classname="com.crm.Sdet.campaign.CreatecampproductTest" name="Createcamppro1" time="64.343"/>
  <system-out/>
</testsuite> <!-- com.crm.Sdet.campaign.CreatecampproductTest -->
