<?xml version="1.0" encoding="UTF-8"?>
<!-- Generated by org.testng.reporters.JUnitReportReporter -->
<testsuite hostname="DESKTOP-P27CLIA" failures="0" tests="1" name="com.crm.Sdet.campaign.Createcamppro1" time="63.308" errors="0" timestamp="2022-08-05T14:54:18 IST" skipped="0">
  <testcase classname="com.crm.Sdet.campaign.Createcamppro1" name="Createcamppro1" time="63.308"/>
  <system-out/>
</testsuite> <!-- com.crm.Sdet.campaign.Createcamppro1 -->
