<?xml version="1.0" encoding="UTF-8"?>
<!-- Generated by org.testng.reporters.JUnitReportReporter -->
<testsuite hostname="DESKTOP-P27CLIA" failures="0" tests="3" name="Practice1.Sample1" time="0.030" errors="0" timestamp="03 Aug 2022 09:25:33 GMT" skipped="0">
  <testcase classname="Practice1.Sample1" name="searchContact" time="0.026"/>
  <testcase classname="Practice1.Sample1" name="deleteContact" time="0.002"/>
  <testcase classname="Practice1.Sample1" name="modifyContact" time="0.002"/>
</testsuite> <!-- Practice1.Sample1 -->
